Chapter_3/app/build/intermediates/manifest_merge_blame_file/release/manifest-merger-blame-release-report.txt
1<?xml version="1.0" encoding="utf-8"?>
2<manifest xmlns:android="http://schemas.android.com/apk/res/android"
3    package="com.ryg.chapter_3"
4    android:versionCode="1"
5    android:versionName="1.0" >
6
7    <uses-sdk
7-->src/main/AndroidManifest.xml:7:5-9:41
8        android:minSdkVersion="8"
8-->src/main/AndroidManifest.xml:8:9-34
9        android:targetSdkVersion="19" />
9-->src/main/AndroidManifest.xml:9:9-38
10
11    <application
11-->src/main/AndroidManifest.xml:11:5-44:19
12        android:allowBackup="true"
12-->src/main/AndroidManifest.xml:12:9-35
13        android:icon="@drawable/ic_launcher"
13-->src/main/AndroidManifest.xml:13:9-45
14        android:label="@string/app_name"
14-->src/main/AndroidManifest.xml:14:9-41
15        android:theme="@style/AppTheme" >
15-->src/main/AndroidManifest.xml:15:9-40
16        <activity
16-->src/main/AndroidManifest.xml:16:9-20:45
17            android:name="com.ryg.chapter_3.TestActivity"
17-->src/main/AndroidManifest.xml:17:13-41
18            android:configChanges="orientation|screenSize"
18-->src/main/AndroidManifest.xml:18:13-59
19            android:label="@string/app_name"
19-->src/main/AndroidManifest.xml:19:13-45
20            android:launchMode="standard" />
20-->src/main/AndroidManifest.xml:20:13-42
21        <activity
21-->src/main/AndroidManifest.xml:21:9-25:45
22            android:name="com.ryg.chapter_3.DemoActivity_1"
22-->src/main/AndroidManifest.xml:22:13-43
23            android:configChanges="screenLayout"
23-->src/main/AndroidManifest.xml:23:13-49
24            android:label="@string/title_scene_1"
24-->src/main/AndroidManifest.xml:24:13-50
25            android:launchMode="standard" />
25-->src/main/AndroidManifest.xml:25:13-42
26        <activity
26-->src/main/AndroidManifest.xml:26:9-30:45
27            android:name="com.ryg.chapter_3.DemoActivity_2"
27-->src/main/AndroidManifest.xml:27:13-43
28            android:configChanges="screenLayout"
28-->src/main/AndroidManifest.xml:28:13-49
29            android:label="@string/title_scene_1"
29-->src/main/AndroidManifest.xml:29:13-50
30            android:launchMode="standard" />
30-->src/main/AndroidManifest.xml:30:13-42
31        <activity
31-->src/main/AndroidManifest.xml:31:9-34:48
32            android:name="com.ryg.chapter_3.ThirdActivity"
32-->src/main/AndroidManifest.xml:32:13-42
33            android:configChanges="screenLayout"
33-->src/main/AndroidManifest.xml:33:13-49
34            android:label="@string/app_name" />
34-->src/main/AndroidManifest.xml:34:13-45
35        <activity
35-->src/main/AndroidManifest.xml:35:9-43:20
36            android:name="com.ryg.chapter_3.MainActivity"
36-->src/main/AndroidManifest.xml:36:13-41
37            android:label="@string/app_name" >
37-->src/main/AndroidManifest.xml:37:13-45
38            <intent-filter>
38-->src/main/AndroidManifest.xml:38:13-42:29
39                <action android:name="android.intent.action.MAIN" />
39-->src/main/AndroidManifest.xml:39:17-69
39-->src/main/AndroidManifest.xml:39:25-66
40
41                <category android:name="android.intent.category.LAUNCHER" />
41-->src/main/AndroidManifest.xml:41:17-77
41-->src/main/AndroidManifest.xml:41:27-74
42            </intent-filter>
43        </activity>
44    </application>
45
46</manifest>